SF:D:\Projects\soccer-engine-dart-full\engine\lib\src\models\player.dart
DA:53,1
DA:68,3
DA:69,3
DA:70,5
DA:78,3
DA:79,3
DA:80,2
DA:81,2
DA:82,2
DA:86,2
DA:89,2
DA:92,8
DA:95,1
DA:96,1
DA:97,1
DA:99,9
DA:100,1
DA:102,0
DA:103,1
DA:105,0
DA:106,1
DA:108,9
DA:113,1
DA:114,1
DA:115,1
DA:116,1
DA:117,1
DA:118,1
DA:119,1
DA:120,1
DA:121,1
DA:122,1
DA:124,1
DA:129,1
DA:130,1
DA:131,1
DA:132,1
DA:133,1
DA:134,1
DA:135,1
DA:136,1
DA:137,1
DA:138,1
DA:139,1
DA:144,1
DA:145,1
DA:146,1
DA:147,1
DA:148,1
DA:149,1
DA:150,1
DA:151,1
DA:152,1
DA:153,1
DA:154,1
DA:157,0
DA:159,0
DA:160,0
LF:58
LH:53
end_of_record
SF:D:\Projects\soccer-engine-dart-full\engine\lib\src\models\player.g.dart
DA:9,2
DA:10,1
DA:11,1
DA:12,2
DA:13,2
DA:14,2
DA:15,2
DA:16,2
DA:17,2
DA:18,2
DA:21,2
DA:22,1
DA:23,1
DA:24,1
DA:25,2
DA:26,1
DA:27,1
DA:28,1
DA:29,1
DA:30,1
LF:20
LH:20
end_of_record
